2020-04-29 10:17:32.8299 [DEBUG] Validating model...
2020-04-29 10:17:33.0041 [DEBUG] Model validated
2020-04-29 10:17:33.0051 [DEBUG] Authenticating with server...
2020-04-29 10:17:33.6216 [DEBUG] Connected to room. (123076:SceneFusion:SceneFusion)
2020-04-29 10:17:33.6246 [INFO] Connected to server.
2020-04-29 10:17:33.6256 [DEBUG] OS : Microsoft Windows NT 10.0.18363.0
2020-04-29 10:17:33.6256 [DEBUG] Unity Version : 2019.3.2f1
2020-04-29 10:17:33.6256 [DEBUG] Pro License : False
2020-04-29 10:17:33.6256 [DEBUG] Platform : WindowsEditor
2020-04-29 10:17:33.6256 [DEBUG] Build Target : StandaloneWindows
2020-04-29 10:17:33.6256 [DEBUG] Scene Fusion version : 1.8.7
2020-04-29 10:17:33.6266 [DEBUG] Scene Fusion client build : 0
2020-04-29 10:17:33.6266 [DEBUG] User : draakjes11111@gmail.com
2020-04-29 10:17:33.6266 [DEBUG] Waiting for server response
2020-04-29 10:17:33.6697 [DEBUG] Tier: Free, Permissions: 00000200
2020-04-29 10:17:33.6697 [DEBUG] User Permissions: FFFFFFFF
2020-04-29 10:17:34.4634 [DEBUG] No stand-in for UnityEngine.MovieTexture
2020-04-29 10:17:34.4634 [DEBUG] No stand-in for UnityEngine.Experimental.Rendering.RayTracingShader
2020-04-29 10:17:34.4634 [DEBUG] No stand-in for UnityEngine.LocalizationAsset
2020-04-29 10:17:34.4634 [DEBUG] No stand-in for UnityEngine.ProceduralMaterial
2020-04-29 10:17:34.4644 [DEBUG] No stand-in for UnityEngine.ProceduralTexture
2020-04-29 10:17:34.4644 [DEBUG] No stand-in for UnityEngine.TerrainLayer
2020-04-29 10:17:34.4644 [DEBUG] No stand-in for UnityEngine.VFX.VisualEffectAsset
2020-04-29 10:17:34.7777 [DEBUG] Uploading scene 'SampleScene'
2020-04-29 10:17:34.8477 [DEBUG] Spawn request. (Objects: 7)
2020-04-29 10:17:35.1380 [DEBUG] Loading complete
2020-04-29 10:23:29.5475 [DEBUG] Spawn request. (Objects: 1)
2020-04-29 10:24:43.0668 [DEBUG] Disconnecting temporarily to enter play mode.
2020-04-29 10:24:43.0678 [DEBUG] Disconnecting from room (123076:SceneFusion:SceneFusion)
2020-04-29 10:24:43.0738 [INFO] Disconnected from server.
2020-04-29 10:24:43.0748 [DEBUG] Disconnect. (Duration: 429)
2020-04-29 10:24:43.0919 [INFO] Static batching in play mode is not supported in a Scene Fusion session and will be temporarily disabled.
2020-04-29 10:24:45.3925 [DEBUG] Scene Fusion version 1.8.7-0
2020-04-29 10:24:45.5606 [DEBUG] Play mode: True, sync in play mode: False
2020-04-29 10:24:45.6557 [DEBUG] Connecting to room (123076:SceneFusion:SceneFusion) via TCP at roommanager-ec2-35-164-71-216.kinematicsoup.com:21312
2020-04-29 10:24:45.6797 [DEBUG] Host connection. (Session: 123076)
2020-04-29 10:24:46.0491 [DEBUG] Validating model...
2020-04-29 10:24:46.2241 [DEBUG] Model validated
2020-04-29 10:24:46.2241 [DEBUG] Authenticating with server...
2020-04-29 10:24:46.4383 [DEBUG] Connected to room. (123076:SceneFusion:SceneFusion)
2020-04-29 10:24:46.4433 [INFO] Connected to server.
2020-04-29 10:24:46.4443 [DEBUG] OS : Microsoft Windows NT 10.0.18363.0
2020-04-29 10:24:46.4443 [DEBUG] Unity Version : 2019.3.2f1
2020-04-29 10:24:46.4443 [DEBUG] Pro License : False
2020-04-29 10:24:46.4443 [DEBUG] Platform : WindowsEditor
2020-04-29 10:24:46.4443 [DEBUG] Build Target : StandaloneWindows
2020-04-29 10:24:46.4443 [DEBUG] Scene Fusion version : 1.8.7
2020-04-29 10:24:46.4443 [DEBUG] Scene Fusion client build : 0
2020-04-29 10:24:46.4443 [DEBUG] User : draakjes11111@gmail.com
2020-04-29 10:24:46.5454 [DEBUG] Tier: Free, Permissions: 00000200
2020-04-29 10:24:46.5454 [DEBUG] User Permissions: FFFFFFFF
2020-04-29 10:24:46.6144 [DEBUG] No stand-in for UnityEngine.MovieTexture
2020-04-29 10:24:46.6144 [DEBUG] No stand-in for UnityEngine.Experimental.Rendering.RayTracingShader
2020-04-29 10:24:46.6144 [DEBUG] No stand-in for UnityEngine.LocalizationAsset
2020-04-29 10:24:46.6144 [DEBUG] No stand-in for UnityEngine.ProceduralMaterial
2020-04-29 10:24:46.6154 [DEBUG] No stand-in for UnityEngine.ProceduralTexture
2020-04-29 10:24:46.6154 [DEBUG] No stand-in for UnityEngine.TerrainLayer
2020-04-29 10:24:46.6154 [DEBUG] No stand-in for UnityEngine.VFX.VisualEffectAsset
2020-04-29 10:25:01.0131 [DEBUG] Play mode: False
2020-04-29 10:25:01.0932 [DEBUG] Loading complete
2020-04-29 10:25:09.2923 [DEBUG] Disconnecting temporarily to enter play mode.
2020-04-29 10:25:09.2933 [DEBUG] Disconnecting from room (123076:SceneFusion:SceneFusion)
2020-04-29 10:25:09.3043 [INFO] Disconnected from server.
2020-04-29 10:25:09.3043 [DEBUG] Disconnect. (Duration: -1354)
2020-04-29 10:25:09.3234 [INFO] Static batching in play mode is not supported in a Scene Fusion session and will be temporarily disabled.
2020-04-29 10:25:11.7110 [DEBUG] Scene Fusion version 1.8.7-0
2020-04-29 10:25:11.9358 [DEBUG] Play mode: True, sync in play mode: False
2020-04-29 10:25:12.0489 [DEBUG] Connecting to room (123076:SceneFusion:SceneFusion) via TCP at roommanager-ec2-35-164-71-216.kinematicsoup.com:21312
2020-04-29 10:25:12.0549 [DEBUG] Host connection. (Session: 123076)
2020-04-29 10:25:12.4118 [DEBUG] Validating model...
2020-04-29 10:25:12.5860 [DEBUG] Model validated
2020-04-29 10:25:12.5860 [DEBUG] Authenticating with server...
2020-04-29 10:25:12.7912 [DEBUG] Connected to room. (123076:SceneFusion:SceneFusion)
2020-04-29 10:25:12.7972 [INFO] Connected to server.
2020-04-29 10:25:12.7972 [DEBUG] OS : Microsoft Windows NT 10.0.18363.0
2020-04-29 10:25:12.7982 [DEBUG] Unity Version : 2019.3.2f1
2020-04-29 10:25:12.7982 [DEBUG] Pro License : False
2020-04-29 10:25:12.7982 [DEBUG] Platform : WindowsEditor
2020-04-29 10:25:12.7982 [DEBUG] Build Target : StandaloneWindows
2020-04-29 10:25:12.7982 [DEBUG] Scene Fusion version : 1.8.7
2020-04-29 10:25:12.7982 [DEBUG] Scene Fusion client build : 0
2020-04-29 10:25:12.7982 [DEBUG] User : draakjes11111@gmail.com
2020-04-29 10:25:12.8432 [DEBUG] Tier: Free, Permissions: 00000200
2020-04-29 10:25:12.8432 [DEBUG] User Permissions: FFFFFFFF
2020-04-29 10:25:12.9133 [DEBUG] No stand-in for UnityEngine.MovieTexture
2020-04-29 10:25:12.9133 [DEBUG] No stand-in for UnityEngine.Experimental.Rendering.RayTracingShader
2020-04-29 10:25:12.9133 [DEBUG] No stand-in for UnityEngine.LocalizationAsset
2020-04-29 10:25:12.9133 [DEBUG] No stand-in for UnityEngine.ProceduralMaterial
2020-04-29 10:25:12.9133 [DEBUG] No stand-in for UnityEngine.ProceduralTexture
2020-04-29 10:25:12.9133 [DEBUG] No stand-in for UnityEngine.TerrainLayer
2020-04-29 10:25:12.9133 [DEBUG] No stand-in for UnityEngine.VFX.VisualEffectAsset
2020-04-29 10:25:18.1700 [DEBUG] Play mode: False
2020-04-29 10:25:18.2491 [DEBUG] Loading complete
2020-04-29 10:25:19.5483 [DEBUG] Disconnecting temporarily to enter play mode.
2020-04-29 10:25:19.5483 [DEBUG] Disconnecting from room (123076:SceneFusion:SceneFusion)
2020-04-29 10:25:19.5623 [INFO] Disconnected from server.
2020-04-29 10:25:19.5623 [DEBUG] Disconnect. (Duration: -1361)
2020-04-29 10:25:19.5813 [INFO] Static batching in play mode is not supported in a Scene Fusion session and will be temporarily disabled.
2020-04-29 10:25:21.9595 [DEBUG] Scene Fusion version 1.8.7-0
2020-04-29 10:25:22.2057 [DEBUG] Connecting to room (123076:SceneFusion:SceneFusion) via TCP at roommanager-ec2-35-164-71-216.kinematicsoup.com:21312
2020-04-29 10:25:22.2117 [DEBUG] Host connection. (Session: 123076)
2020-04-29 10:25:22.2117 [DEBUG] Play mode: True, sync in play mode: False
2020-04-29 10:25:22.5860 [DEBUG] Validating model...
2020-04-29 10:25:22.7593 [DEBUG] Model validated
2020-04-29 10:25:22.7603 [DEBUG] Authenticating with server...
2020-04-29 10:25:22.9735 [DEBUG] Connected to room. (123076:SceneFusion:SceneFusion)
2020-04-29 10:25:22.9815 [INFO] Connected to server.
2020-04-29 10:25:22.9825 [DEBUG] OS : Microsoft Windows NT 10.0.18363.0
2020-04-29 10:25:22.9825 [DEBUG] Unity Version : 2019.3.2f1
2020-04-29 10:25:22.9825 [DEBUG] Pro License : False
2020-04-29 10:25:22.9825 [DEBUG] Platform : WindowsEditor
2020-04-29 10:25:22.9825 [DEBUG] Build Target : StandaloneWindows
2020-04-29 10:25:22.9825 [DEBUG] Scene Fusion version : 1.8.7
2020-04-29 10:25:22.9835 [DEBUG] Scene Fusion client build : 0
2020-04-29 10:25:22.9835 [DEBUG] User : draakjes11111@gmail.com
2020-04-29 10:25:23.0626 [DEBUG] Tier: Free, Permissions: 00000200
2020-04-29 10:25:23.0626 [DEBUG] User Permissions: FFFFFFFF
2020-04-29 10:25:23.1306 [DEBUG] No stand-in for UnityEngine.MovieTexture
2020-04-29 10:25:23.1306 [DEBUG] No stand-in for UnityEngine.Experimental.Rendering.RayTracingShader
2020-04-29 10:25:23.1306 [DEBUG] No stand-in for UnityEngine.LocalizationAsset
2020-04-29 10:25:23.1306 [DEBUG] No stand-in for UnityEngine.ProceduralMaterial
2020-04-29 10:25:23.1316 [DEBUG] No stand-in for UnityEngine.ProceduralTexture
2020-04-29 10:25:23.1316 [DEBUG] No stand-in for UnityEngine.TerrainLayer
2020-04-29 10:25:23.1316 [DEBUG] No stand-in for UnityEngine.VFX.VisualEffectAsset
2020-04-29 10:25:55.8934 [DEBUG] Play mode: False
2020-04-29 10:25:55.9705 [DEBUG] Loading complete
2020-04-29 10:31:00.3708 [DEBUG] Disconnecting temporarily to recompile.
2020-04-29 10:31:00.3708 [DEBUG] Disconnecting from room (123076:SceneFusion:SceneFusion)
2020-04-29 10:31:00.3888 [INFO] Disconnected from server.
2020-04-29 10:31:00.3898 [DEBUG] Disconnect. (Duration: -1058)
2020-04-29 10:31:30.6517 [DEBUG] Scene Fusion version 1.8.7-0
2020-04-29 10:31:31.3703 [DEBUG] Connecting
2020-04-29 10:31:31.3933 [DEBUG] Connecting to room (123076:SceneFusion:SceneFusion) via TCP at roommanager-ec2-35-164-71-216.kinematicsoup.com:21312
2020-04-29 10:31:31.4104 [DEBUG] Host connection. (Session: 123076)
2020-04-29 10:31:31.7667 [DEBUG] Validating model...
2020-04-29 10:31:31.9408 [DEBUG] Model validated
2020-04-29 10:31:31.9408 [DEBUG] Authenticating with server...
2020-04-29 10:31:32.1520 [DEBUG] Connected to room. (123076:SceneFusion:SceneFusion)
2020-04-29 10:31:32.1580 [INFO] Connected to server.
2020-04-29 10:31:32.1590 [DEBUG] OS : Microsoft Windows NT 10.0.18363.0
2020-04-29 10:31:32.1590 [DEBUG] Unity Version : 2019.3.2f1
2020-04-29 10:31:32.1590 [DEBUG] Pro License : False
2020-04-29 10:31:32.1590 [DEBUG] Platform : WindowsEditor
2020-04-29 10:31:32.1590 [DEBUG] Build Target : StandaloneWindows
2020-04-29 10:31:32.1590 [DEBUG] Scene Fusion version : 1.8.7
2020-04-29 10:31:32.1590 [DEBUG] Scene Fusion client build : 0
2020-04-29 10:31:32.1590 [DEBUG] User : draakjes11111@gmail.com
2020-04-29 10:31:32.1600 [DEBUG] Waiting for server response
2020-04-29 10:31:32.2241 [DEBUG] Tier: Free, Permissions: 00000200
2020-04-29 10:31:32.2251 [DEBUG] User Permissions: FFFFFFFF
2020-04-29 10:31:32.2942 [DEBUG] No stand-in for UnityEngine.MovieTexture
2020-04-29 10:31:32.2942 [DEBUG] No stand-in for UnityEngine.Experimental.Rendering.RayTracingShader
2020-04-29 10:31:32.2942 [DEBUG] No stand-in for UnityEngine.LocalizationAsset
2020-04-29 10:31:32.2942 [DEBUG] No stand-in for UnityEngine.ProceduralMaterial
2020-04-29 10:31:32.2952 [DEBUG] No stand-in for UnityEngine.ProceduralTexture
2020-04-29 10:31:32.2952 [DEBUG] No stand-in for UnityEngine.TerrainLayer
2020-04-29 10:31:32.2952 [DEBUG] No stand-in for UnityEngine.VFX.VisualEffectAsset
2020-04-29 10:31:32.4613 [DEBUG] Loading complete
2020-04-29 10:34:07.4938 [DEBUG] Disconnecting from room (123076:SceneFusion:SceneFusion)
2020-04-29 10:34:07.4958 [INFO] Disconnected from server.
2020-04-29 10:34:07.4958 [DEBUG] Disconnect. (Duration: -872)
